Building DAG of jobs...
The code used to generate one or several output files has changed:
    To inspect which output files have changes, run 'snakemake --list-code-changes'.
    To trigger a re-run, use 'snakemake -R $(snakemake --list-code-changes)'.
The input used to generate one or several output files has changed:
    To inspect which output files have changes, run 'snakemake --list-input-changes'.
    To trigger a re-run, use 'snakemake -R $(snakemake --list-input-changes)'.
The params used to generate one or several output files has changed:
    To inspect which output files have changes, run 'snakemake --list-params-changes'.
    To trigger a re-run, use 'snakemake -R $(snakemake --list-params-changes)'.
Using shell: /bin/bash
Provided cores: 1 (use --cores to define parallelism)
Rules claiming more threads will be scaled down.
Job stats:
job           count    min threads    max threads
----------  -------  -------------  -------------
all               1              1              1
make_hello        1              1              1
total             2              1              1

Select jobs to execute...

[Tue Mar  1 12:13:23 2022]
rule make_hello:
    output: hello.txt
    jobid: 1
    resources: tmpdir=/var/folders/fn/c12zhbbx50n2m043n8nzxvt80000gp/T

[Tue Mar  1 12:13:23 2022]
Finished job 1.
1 of 2 steps (50%) done
Select jobs to execute...

[Tue Mar  1 12:13:23 2022]
localrule all:
    input: hello.txt
    jobid: 0
    resources: tmpdir=/var/folders/fn/c12zhbbx50n2m043n8nzxvt80000gp/T

[Tue Mar  1 12:13:23 2022]
Finished job 0.
2 of 2 steps (100%) done
Complete log: /Users/hoeps/PhD/projects/nahrcall/nahrchainer/scripts/.snakemake/log/2022-03-01T121323.314710.snakemake.log
